info it worked if it ends with ok
verbose cli [ 'node', '/usr/bin/npm', 'install', '--save', 'gulp' ]
info using npm@1.1.4
info using node@v0.6.12
verbose config file /home/efield/.npmrc
verbose config file /usr/etc/npmrc
verbose config file /usr/share/npm/npmrc
verbose caching /home/efield/SampleSPA/package.json
verbose loadDefaults SampleSPA@0.0.1
verbose caching /home/efield/SampleSPA/node_modules/jasmine-core/package.json
verbose loadDefaults jasmine-core@2.3.4
verbose caching /home/efield/SampleSPA/node_modules/karma-chrome-launcher/package.json
verbose loadDefaults karma-chrome-launcher@0.2.0
verbose caching /home/efield/SampleSPA/node_modules/karma/package.json
verbose loadDefaults karma@0.13.9
verbose caching /home/efield/SampleSPA/node_modules/karma-jasmine/package.json
verbose loadDefaults karma-jasmine@0.3.6
verbose caching /home/efield/SampleSPA/node_modules/karma-ie-launcher/package.json
verbose loadDefaults karma-ie-launcher@0.2.0
verbose from cache /home/efield/SampleSPA/package.json
verbose readDependencies: using package.json deps
verbose cache add [ 'gulp', null ]
silly cache add: name, spec, args [ undefined, 'gulp', [ 'gulp', null ] ]
verbose parsed url { pathname: 'gulp', path: 'gulp', href: 'gulp' }
verbose addNamed [ 'gulp', '' ]
verbose addNamed [ null, '' ]
silly name, range, hasData [ 'gulp', '', false ]
verbose raw, before any munging gulp
verbose url resolving [ 'https://registry.npmjs.org/', './gulp' ]
verbose url resolved https://registry.npmjs.org/gulp
http GET https://registry.npmjs.org/gulp
ERR! Error: failed to fetch from registry: gulp
ERR!     at /usr/share/npm/lib/utils/npm-registry-client/get.js:139:12
ERR!     at cb (/usr/share/npm/lib/utils/npm-registry-client/request.js:31:9)
ERR!     at Request._callback (/usr/share/npm/lib/utils/npm-registry-client/request.js:136:18)
ERR!     at Request.callback (/usr/lib/nodejs/request/main.js:119:22)
ERR!     at Request.<anonymous> (/usr/lib/nodejs/request/main.js:212:58)
ERR!     at Request.emit (events.js:88:20)
ERR!     at ClientRequest.<anonymous> (/usr/lib/nodejs/request/main.js:412:12)
ERR!     at ClientRequest.emit (events.js:67:17)
ERR!     at HTTPParser.onIncoming (http.js:1261:11)
ERR!     at HTTPParser.onHeadersComplete (http.js:102:31)
ERR! You may report this log at:
ERR!     <http://bugs.debian.org/npm>
ERR! or use
ERR!     reportbug --attach /home/efield/SampleSPA/npm-debug.log npm
ERR! 
ERR! System Linux 3.2.0-68-generic
ERR! command "node" "/usr/bin/npm" "install" "--save" "gulp"
ERR! cwd /home/efield/SampleSPA
ERR! node -v v0.6.12
ERR! npm -v 1.1.4
ERR! message failed to fetch from registry: gulp
verbose exit [ 1, true ]
